TN:
SF:src\app\components\autoevaluacion\AutoevaluacionUI.tsx
FN:7,getEstadoVisual
FN:36,EstadoBadge
FN:46,ModuloHero
FN:57,StatCard
FN:83,ProgressPanel
FN:119,BlockHeader
FNF:6
FNH:5
FNDA:386,getEstadoVisual
FNDA:386,EstadoBadge
FNDA:204,ModuloHero
FNDA:165,StatCard
FNDA:159,ProgressPanel
FNDA:0,BlockHeader
DA:8,386
DA:10,386
DA:11,3
DA:19,383
DA:20,0
DA:28,383
DA:37,386
DA:38,386
DA:47,204
DA:66,165
DA:73,165
DA:94,159
DA:96,159
DA:120,0
LF:14
LH:12
BRDA:10,0,0,3
BRDA:10,0,1,383
BRDA:19,1,0,0
BRDA:19,1,1,383
BRDA:60,2,0,165
BRF:5
BRH:4
end_of_record
TN:
SF:src\app\components\autoevaluacion\SignaturePad.tsx
FN:11,SignaturePad
FN:14,(anonymous_1)
FN:23,(anonymous_2)
FNF:3
FNH:0
FNDA:0,SignaturePad
FNDA:0,(anonymous_1)
FNDA:0,(anonymous_2)
DA:12,0
DA:14,0
DA:15,0
DA:16,0
DA:17,0
DA:20,0
DA:23,0
DA:24,0
DA:25,0
DA:28,0
LF:10
LH:0
BRDA:11,0,0,0
BRDA:11,1,0,0
BRDA:15,2,0,0
BRDA:15,2,1,0
BRDA:15,3,0,0
BRDA:15,3,1,0
BRDA:35,4,0,0
BRDA:35,4,1,0
BRF:8
BRH:0
end_of_record
TN:
SF:src\app\pages\AutoevaluacionForm.tsx
FN:93,formatDate
FN:100,resolveCampaignName
FN:104,(anonymous_2)
FN:107,parseTipoFromDescripcion
FN:115,isTextQuestion
FN:120,getHumanErrorMessage
FN:131,CompletionScreen
FN:178,InfoMini
FN:187,DocenteAutoevaluacion
FN:210,(anonymous_9)
FN:213,resolve
FN:229,(anonymous_11)
FN:234,(anonymous_12)
FN:250,(anonymous_13)
FN:254,(anonymous_14)
FN:277,(anonymous_15)
FN:280,(anonymous_16)
FN:283,(anonymous_17)
FN:286,(anonymous_18)
FN:287,(anonymous_19)
FN:290,(anonymous_20)
FN:293,(anonymous_21)
FN:296,(anonymous_22)
FN:299,(anonymous_23)
FN:336,(anonymous_24)
FN:337,(anonymous_25)
FN:346,(anonymous_26)
FN:347,(anonymous_27)
FN:358,(anonymous_28)
FN:360,(anonymous_29)
FN:361,(anonymous_30)
FN:364,(anonymous_31)
FN:366,(anonymous_32)
FN:367,(anonymous_33)
FN:370,(anonymous_34)
FN:374,(anonymous_35)
FN:375,(anonymous_36)
FN:382,(anonymous_37)
FN:393,(anonymous_38)
FN:403,(anonymous_39)
FN:404,(anonymous_40)
FN:407,(anonymous_41)
FN:421,(anonymous_42)
FN:424,(anonymous_43)
FN:427,(anonymous_44)
FN:430,(anonymous_45)
FN:455,(anonymous_46)
FN:492,(anonymous_47)
FN:536,(anonymous_48)
FN:544,(anonymous_49)
FN:548,(anonymous_50)
FN:564,(anonymous_51)
FN:588,(anonymous_52)
FN:600,(anonymous_53)
FN:665,(anonymous_54)
FN:675,(anonymous_55)
FN:721,(anonymous_56)
FN:727,(anonymous_57)
FN:739,(anonymous_58)
FN:758,(anonymous_59)
FN:758,(anonymous_60)
FN:875,(anonymous_61)
FN:876,(anonymous_62)
FN:883,JefeAutoevaluacion
FN:897,(anonymous_64)
FN:907,(anonymous_65)
FN:913,(anonymous_66)
FN:917,(anonymous_67)
FN:919,(anonymous_68)
FN:924,(anonymous_69)
FN:951,(anonymous_70)
FN:986,(anonymous_71)
FN:991,(anonymous_72)
FN:1000,(anonymous_73)
FN:1018,(anonymous_74)
FN:1031,(anonymous_75)
FN:1038,(anonymous_76)
FN:1065,(anonymous_77)
FN:1068,(anonymous_78)
FN:1078,(anonymous_79)
FN:1091,(anonymous_80)
FN:1111,SecretariaAutoevaluacion
FN:1119,(anonymous_82)
FN:1122,(anonymous_83)
FN:1125,(anonymous_84)
FN:1129,(anonymous_85)
FN:1140,(anonymous_86)
FN:1181,(anonymous_87)
FN:1184,(anonymous_88)
FN:1194,(anonymous_89)
FN:1204,(anonymous_90)
FN:1217,(anonymous_91)
FN:1221,(anonymous_92)
FN:1234,(anonymous_93)
FN:1237,(anonymous_94)
FN:1261,AutoevaluacionForm
FNF:96
FNH:76
FNDA:268,formatDate
FNDA:331,resolveCampaignName
FNDA:331,(anonymous_2)
FNDA:33,parseTipoFromDescripcion
FNDA:320,isTextQuestion
FNDA:0,getHumanErrorMessage
FNDA:2,CompletionScreen
FNDA:6,InfoMini
FNDA:175,DocenteAutoevaluacion
FNDA:5,(anonymous_9)
FNDA:5,resolve
FNDA:5,(anonymous_11)
FNDA:6,(anonymous_12)
FNDA:5,(anonymous_13)
FNDA:5,(anonymous_14)
FNDA:9,(anonymous_15)
FNDA:12,(anonymous_16)
FNDA:9,(anonymous_17)
FNDA:4,(anonymous_18)
FNDA:8,(anonymous_19)
FNDA:8,(anonymous_20)
FNDA:32,(anonymous_21)
FNDA:8,(anonymous_22)
FNDA:16,(anonymous_23)
FNDA:175,(anonymous_24)
FNDA:648,(anonymous_25)
FNDA:175,(anonymous_26)
FNDA:316,(anonymous_27)
FNDA:175,(anonymous_28)
FNDA:648,(anonymous_29)
FNDA:189,(anonymous_30)
FNDA:175,(anonymous_31)
FNDA:324,(anonymous_32)
FNDA:49,(anonymous_33)
FNDA:10,(anonymous_34)
FNDA:5,(anonymous_35)
FNDA:5,(anonymous_36)
FNDA:2,(anonymous_37)
FNDA:2,(anonymous_38)
FNDA:1,(anonymous_39)
FNDA:1,(anonymous_40)
FNDA:2,(anonymous_41)
FNDA:1,(anonymous_42)
FNDA:0,(anonymous_43)
FNDA:0,(anonymous_44)
FNDA:1,(anonymous_45)
FNDA:4,(anonymous_46)
FNDA:11,(anonymous_47)
FNDA:0,(anonymous_48)
FNDA:700,(anonymous_49)
FNDA:0,(anonymous_50)
FNDA:170,(anonymous_51)
FNDA:4,(anonymous_52)
FNDA:0,(anonymous_53)
FNDA:320,(anonymous_54)
FNDA:24,(anonymous_55)
FNDA:480,(anonymous_56)
FNDA:2,(anonymous_57)
FNDA:1,(anonymous_58)
FNDA:30,(anonymous_59)
FNDA:30,(anonymous_60)
FNDA:0,(anonymous_61)
FNDA:0,(anonymous_62)
FNDA:33,JefeAutoevaluacion
FNDA:3,(anonymous_64)
FNDA:3,(anonymous_65)
FNDA:1,(anonymous_66)
FNDA:2,(anonymous_67)
FNDA:1,(anonymous_68)
FNDA:1,(anonymous_69)
FNDA:1,(anonymous_70)
FNDA:25,(anonymous_71)
FNDA:0,(anonymous_72)
FNDA:1,(anonymous_73)
FNDA:32,(anonymous_74)
FNDA:1,(anonymous_75)
FNDA:0,(anonymous_76)
FNDA:0,(anonymous_77)
FNDA:32,(anonymous_78)
FNDA:0,(anonymous_79)
FNDA:32,(anonymous_80)
FNDA:2,SecretariaAutoevaluacion
FNDA:1,(anonymous_82)
FNDA:1,(anonymous_83)
FNDA:1,(anonymous_84)
FNDA:0,(anonymous_85)
FNDA:0,(anonymous_86)
FNDA:0,(anonymous_87)
FNDA:1,(anonymous_88)
FNDA:0,(anonymous_89)
FNDA:1,(anonymous_90)
FNDA:0,(anonymous_91)
FNDA:0,(anonymous_92)
FNDA:0,(anonymous_93)
FNDA:0,(anonymous_94)
FNDA:7,AutoevaluacionForm
DA:63,1
DA:94,268
DA:95,236
DA:96,236
DA:97,236
DA:104,331
DA:108,33
DA:109,33
DA:110,0
DA:111,0
DA:112,0
DA:116,320
DA:117,320
DA:121,0
DA:122,0
DA:123,0
DA:125,0
DA:126,0
DA:128,0
DA:140,2
DA:179,6
DA:188,175
DA:190,175
DA:191,175
DA:192,175
DA:193,175
DA:194,175
DA:195,175
DA:196,175
DA:197,175
DA:198,175
DA:199,175
DA:200,175
DA:201,175
DA:202,175
DA:203,175
DA:205,175
DA:207,175
DA:210,175
DA:211,5
DA:214,5
DA:215,5
DA:216,5
DA:219,0
DA:220,0
DA:221,0
DA:223,0
DA:227,5
DA:229,5
DA:230,5
DA:234,175
DA:235,6
DA:236,0
DA:237,0
DA:238,0
DA:241,6
DA:246,6
DA:247,6
DA:250,175
DA:251,5
DA:254,175
DA:255,5
DA:256,5
DA:257,5
DA:258,5
DA:259,5
DA:260,5
DA:261,5
DA:262,5
DA:263,5
DA:265,5
DA:266,0
DA:267,0
DA:270,5
DA:271,5
DA:272,2
DA:274,5
DA:277,175
DA:278,9
DA:280,12
DA:283,175
DA:284,9
DA:286,4
DA:287,9
DA:289,9
DA:290,8
DA:293,32
DA:296,8
DA:298,9
DA:299,16
DA:302,9
DA:303,0
DA:314,9
DA:329,175
DA:330,175
DA:331,175
DA:332,175
DA:334,175
DA:336,175
DA:337,175
DA:338,648
DA:342,175
DA:346,175
DA:347,175
DA:348,316
DA:352,175
DA:358,175
DA:359,175
DA:360,648
DA:361,189
DA:364,175
DA:365,175
DA:366,324
DA:367,49
DA:370,175
DA:371,10
DA:373,10
DA:374,5
DA:376,5
DA:377,0
DA:378,0
DA:382,175
DA:383,2
DA:389,2
DA:390,0
DA:393,2
DA:394,2
DA:395,2
DA:396,2
DA:403,175
DA:404,1
DA:407,175
DA:408,2
DA:410,2
DA:411,1
DA:412,1
DA:416,1
DA:419,1
DA:420,1
DA:421,1
DA:424,175
DA:425,0
DA:426,0
DA:427,0
DA:430,175
DA:431,1
DA:433,1
DA:435,1
DA:436,0
DA:437,0
DA:440,1
DA:441,0
DA:442,0
DA:445,1
DA:446,0
DA:447,0
DA:450,1
DA:451,0
DA:452,0
DA:455,1
DA:456,4
DA:457,4
DA:459,4
DA:466,1
DA:467,1
DA:469,1
DA:470,1
DA:471,1
DA:473,1
DA:474,1
DA:475,1
DA:477,1
DA:483,1
DA:485,0
DA:486,0
DA:488,1
DA:492,175
DA:493,11
DA:494,6
DA:497,175
DA:536,0
DA:545,700
DA:548,0
DA:565,170
DA:588,4
DA:600,0
DA:666,320
DA:667,320
DA:668,320
DA:672,320
DA:675,24
DA:722,480
DA:727,2
DA:739,1
DA:758,30
DA:875,0
DA:876,0
DA:884,33
DA:886,33
DA:887,33
DA:888,33
DA:889,33
DA:890,33
DA:893,33
DA:894,33
DA:895,33
DA:897,33
DA:898,3
DA:899,3
DA:900,3
DA:905,3
DA:906,3
DA:907,3
DA:909,3
DA:913,33
DA:914,1
DA:917,33
DA:918,2
DA:919,1
DA:920,1
DA:924,33
DA:925,1
DA:927,1
DA:928,1
DA:929,1
DA:930,1
DA:931,1
DA:933,1
DA:934,1
DA:942,1
DA:943,1
DA:944,1
DA:946,0
DA:947,0
DA:951,33
DA:952,1
DA:953,1
DA:954,1
DA:955,1
DA:957,0
DA:958,0
DA:962,33
DA:986,25
DA:992,0
DA:1000,1
DA:1019,32
DA:1031,1
DA:1039,0
DA:1040,0
DA:1065,0
DA:1069,32
DA:1079,0
DA:1080,0
DA:1092,32
DA:1112,2
DA:1114,2
DA:1115,2
DA:1116,2
DA:1117,2
DA:1119,2
DA:1120,1
DA:1121,1
DA:1122,1
DA:1125,2
DA:1126,1
DA:1129,2
DA:1130,0
DA:1131,0
DA:1132,0
DA:1133,0
DA:1135,0
DA:1136,0
DA:1140,2
DA:1141,0
DA:1143,0
DA:1144,0
DA:1148,0
DA:1149,0
DA:1150,0
DA:1152,0
DA:1153,0
DA:1157,2
DA:1181,0
DA:1185,1
DA:1195,0
DA:1196,0
DA:1205,1
DA:1217,0
DA:1221,0
DA:1234,0
DA:1237,0
DA:1262,7
DA:1264,7
DA:1265,5
DA:1268,2
DA:1269,1
DA:1272,1
DA:1279,1
DA:1282,0
LF:299
LH:227
BRDA:94,0,0,32
BRDA:94,0,1,236
BRDA:96,1,0,0
BRDA:96,1,1,236
BRDA:104,2,0,331
BRDA:104,2,1,0
BRDA:108,3,0,33
BRDA:108,3,1,0
BRDA:109,4,0,33
BRDA:109,4,1,0
BRDA:110,5,0,0
BRDA:110,5,1,0
BRDA:111,6,0,0
BRDA:111,6,1,0
BRDA:117,7,0,320
BRDA:117,7,1,160
BRDA:122,8,0,0
BRDA:122,8,1,0
BRDA:122,9,0,0
BRDA:122,9,1,0
BRDA:125,10,0,0
BRDA:125,10,1,0
BRDA:125,11,0,0
BRDA:125,11,1,0
BRDA:190,12,0,175
BRDA:190,12,1,0
BRDA:214,13,0,5
BRDA:214,13,1,0
BRDA:221,14,0,0
BRDA:221,14,1,0
BRDA:221,15,0,0
BRDA:221,15,1,0
BRDA:223,16,0,0
BRDA:223,16,1,0
BRDA:235,17,0,0
BRDA:235,17,1,6
BRDA:265,18,0,0
BRDA:265,18,1,5
BRDA:278,19,0,9
BRDA:278,19,1,5
BRDA:280,20,0,12
BRDA:280,20,1,8
BRDA:284,21,0,9
BRDA:284,21,1,5
BRDA:302,22,0,0
BRDA:302,22,1,9
BRDA:314,23,0,4
BRDA:314,23,1,5
BRDA:331,24,0,175
BRDA:331,24,1,0
BRDA:338,25,0,648
BRDA:338,25,1,150
BRDA:342,26,0,13
BRDA:342,26,1,162
BRDA:348,27,0,316
BRDA:348,27,1,316
BRDA:348,28,0,316
BRDA:348,28,1,5
BRDA:352,29,0,13
BRDA:352,29,1,162
BRDA:354,30,0,41
BRDA:354,30,1,121
BRDA:360,31,0,648
BRDA:360,31,1,648
BRDA:360,32,0,648
BRDA:360,32,1,150
BRDA:366,33,0,324
BRDA:366,33,1,324
BRDA:366,34,0,324
BRDA:366,34,1,10
BRDA:374,35,0,5
BRDA:374,35,1,0
BRDA:376,36,0,5
BRDA:376,36,1,0
BRDA:378,37,0,0
BRDA:378,37,1,0
BRDA:389,38,0,0
BRDA:389,38,1,2
BRDA:395,39,0,2
BRDA:395,39,1,0
BRDA:410,40,0,1
BRDA:410,40,1,1
BRDA:431,41,0,0
BRDA:431,41,1,1
BRDA:435,42,0,0
BRDA:435,42,1,1
BRDA:440,43,0,0
BRDA:440,43,1,1
BRDA:445,44,0,0
BRDA:445,44,1,1
BRDA:450,45,0,0
BRDA:450,45,1,1
BRDA:456,46,0,4
BRDA:456,46,1,0
BRDA:462,47,0,1
BRDA:462,47,1,3
BRDA:485,48,0,0
BRDA:485,48,1,0
BRDA:493,49,0,5
BRDA:493,49,1,6
BRDA:494,50,0,6
BRDA:494,50,1,5
BRDA:524,51,0,175
BRDA:524,51,1,0
BRDA:550,52,0,175
BRDA:550,52,1,525
BRDA:555,53,0,175
BRDA:555,53,1,525
BRDA:591,54,0,3
BRDA:591,54,1,167
BRDA:611,55,0,175
BRDA:611,55,1,5
BRDA:619,56,0,175
BRDA:619,56,1,162
BRDA:619,56,2,160
BRDA:642,57,0,160
BRDA:642,57,1,3
BRDA:642,57,2,1
BRDA:644,58,0,0
BRDA:644,58,1,1
BRDA:655,59,0,160
BRDA:655,59,1,0
BRDA:657,60,0,160
BRDA:657,60,1,160
BRDA:666,61,0,320
BRDA:666,61,1,10
BRDA:668,62,0,320
BRDA:668,62,1,6
BRDA:668,62,2,6
BRDA:681,63,0,2
BRDA:681,63,1,318
BRDA:686,64,0,320
BRDA:686,64,1,160
BRDA:699,65,0,320
BRDA:699,65,1,320
BRDA:706,66,0,160
BRDA:706,66,1,160
BRDA:742,67,0,90
BRDA:742,67,1,230
BRDA:748,68,0,320
BRDA:748,68,1,90
BRDA:757,69,0,90
BRDA:757,69,1,1
BRDA:771,70,0,320
BRDA:771,70,1,2
BRDA:782,71,0,160
BRDA:782,71,1,92
BRDA:799,72,0,92
BRDA:799,72,1,5
BRDA:822,73,0,160
BRDA:822,73,1,1
BRDA:825,74,0,0
BRDA:825,74,1,1
BRDA:845,75,0,92
BRDA:845,75,1,68
BRDA:848,76,0,92
BRDA:848,76,1,90
BRDA:872,77,0,175
BRDA:872,77,1,2
BRDA:907,78,0,3
BRDA:907,78,1,1
BRDA:907,78,2,0
BRDA:918,79,0,1
BRDA:918,79,1,1
BRDA:925,80,0,0
BRDA:925,80,1,1
BRDA:946,81,0,0
BRDA:946,81,1,0
BRDA:957,82,0,0
BRDA:957,82,1,0
BRDA:970,83,0,33
BRDA:970,83,1,1
BRDA:971,84,0,33
BRDA:971,84,1,1
BRDA:972,85,0,33
BRDA:972,85,1,1
BRDA:973,86,0,33
BRDA:973,86,1,1
BRDA:974,87,0,33
BRDA:974,87,1,1
BRDA:1005,88,0,33
BRDA:1005,88,1,4
BRDA:1008,89,0,4
BRDA:1008,89,1,0
BRDA:1030,90,0,32
BRDA:1030,90,1,32
BRDA:1048,91,0,33
BRDA:1048,91,1,30
BRDA:1048,91,2,0
BRDA:1079,92,0,0
BRDA:1079,92,1,0
BRDA:1091,93,0,33
BRDA:1091,93,1,1
BRDA:1101,94,0,33
BRDA:1101,94,1,30
BRDA:1101,94,2,0
BRDA:1122,95,0,1
BRDA:1122,95,1,1
BRDA:1122,95,2,0
BRDA:1135,96,0,0
BRDA:1135,96,1,0
BRDA:1141,97,0,0
BRDA:1141,97,1,0
BRDA:1141,98,0,0
BRDA:1141,98,1,0
BRDA:1146,99,0,0
BRDA:1146,99,1,0
BRDA:1152,100,0,0
BRDA:1152,100,1,0
BRDA:1165,101,0,2
BRDA:1165,101,1,1
BRDA:1166,102,0,2
BRDA:1166,102,1,1
BRDA:1167,103,0,2
BRDA:1167,103,1,1
BRDA:1168,104,0,2
BRDA:1168,104,1,1
BRDA:1169,105,0,2
BRDA:1169,105,1,1
BRDA:1184,106,0,2
BRDA:1184,106,1,1
BRDA:1195,107,0,0
BRDA:1195,107,1,0
BRDA:1204,108,0,2
BRDA:1204,108,1,1
BRDA:1216,109,0,1
BRDA:1216,109,1,1
BRDA:1244,110,0,2
BRDA:1244,110,1,0
BRDA:1247,111,0,0
BRDA:1247,111,1,0
BRDA:1264,112,0,5
BRDA:1264,112,1,2
BRDA:1264,113,0,7
BRDA:1264,113,1,2
BRDA:1268,114,0,1
BRDA:1268,114,1,1
BRDA:1272,115,0,1
BRDA:1272,115,1,0
BRDA:1273,116,0,1
BRDA:1273,116,1,0
BRDA:1273,116,2,0
BRDA:1273,116,3,0
BRDA:1273,116,4,0
BRF:244
BRH:166
end_of_record
